Wed Dec  9 16:33:29 2020: STD_ERR: near "IF": syntax error
Wed Dec  9 16:48:31 2020: STD_ERR: near "IF": syntax error
Wed Dec  9 16:54:11 2020: STD_ERR: database is locked
Wed Dec  9 18:30:38 2020: STD_ERR: User exist
Wed Dec  9 18:31:09 2020: STD_ERR: User exist
Wed Dec  9 18:32:15 2020: STD_ERR: User exist
Wed Dec  9 18:36:59 2020: STD_ERR: User exist
Wed Dec  9 18:48:14 2020: STD_ERR: User exist
Wed Dec  9 18:49:43 2020: STD_ERR: User exist
Wed Dec  9 18:51:56 2020: STD_ERR: User exist
Wed Dec  9 18:53:35 2020: STD_ERR: User exist
Wed Dec  9 18:55:32 2020: STD_ERR: User exist
Wed Dec  9 18:57:12 2020: STD_ERR: User exist
Wed Dec  9 19:00:16 2020: STD_ERR: User exist
Wed Dec  9 19:00:52 2020: STD_ERR: User exist
Wed Dec  9 19:06:05 2020: STD_ERR: User exist
Wed Dec  9 19:19:00 2020: STD_ERR: User exist
Wed Dec  9 19:21:59 2020: STD_ERR: User exist
Wed Dec  9 19:23:46 2020: STD_ERR: User exist
Wed Dec  9 23:35:56 2020: STD_ERR: User exist
Thu Dec 10 10:07:37 2020: STD_ERR: User exist
Thu Dec 10 10:08:34 2020: STD_ERR: User exist
Thu Dec 10 10:09:37 2020: STD_ERR: User exist
Thu Dec 10 10:14:08 2020: STD_ERR: User exist
Thu Dec 10 10:16:56 2020: STD_ERR: User exist
Thu Dec 10 10:33:42 2020: STD_ERR: User exist
Thu Dec 10 10:42:12 2020: STD_ERR: User exist
Thu Dec 10 10:59:40 2020: STD_ERR: User exist
Thu Dec 10 11:07:22 2020: STD_ERR: User exist
Thu Dec 10 11:08:02 2020: STD_ERR: User exist
Thu Dec 10 11:10:05 2020: STD_ERR: User exist
Thu Dec 10 11:11:35 2020: STD_ERR: User exist
Thu Dec 10 11:12:39 2020: STD_ERR: User exist
Thu Dec 10 11:15:02 2020: STD_ERR: User exist
Thu Dec 10 11:18:08 2020: STD_ERR: User exist
Thu Dec 10 11:23:31 2020: STD_ERR: User exist
Thu Dec 10 11:28:45 2020: STD_ERR: User exist
Thu Dec 10 11:30:05 2020: STD_ERR: User exist
Thu Dec 10 11:32:02 2020: STD_ERR: User exist
Thu Dec 10 11:34:54 2020: STD_ERR: User exist
Thu Dec 10 11:35:32 2020: STD_ERR: User exist
Thu Dec 10 11:36:35 2020: STD_ERR: User exist
Thu Dec 10 11:39:48 2020: STD_ERR: User exist
Thu Dec 10 11:43:45 2020: STD_ERR: User exist
Thu Dec 10 11:45:10 2020: STD_ERR: User exist
Thu Dec 10 12:43:54 2020: STD_ERR: User exist
Thu Dec 10 12:47:10 2020: STD_ERR: User exist
Thu Dec 10 12:52:25 2020: STD_ERR: User exist
Thu Dec 10 12:54:14 2020: STD_ERR: User exist
Thu Dec 10 12:59:10 2020: STD_ERR: User exist
Thu Dec 10 13:03:18 2020: STD_ERR: User exist
Thu Dec 10 13:07:03 2020: STD_ERR: User exist
Thu Dec 10 13:09:46 2020: STD_ERR: User exist
Thu Dec 10 13:10:55 2020: STD_ERR: User exist
Thu Dec 10 13:12:55 2020: STD_ERR: User exist
Thu Dec 10 13:14:19 2020: STD_ERR: User exist
Thu Dec 10 13:21:33 2020: STD_ERR: User exist
Thu Dec 10 13:23:04 2020: STD_ERR: User exist
Thu Dec 10 13:23:41 2020: STD_ERR: User exist
Thu Dec 10 13:24:13 2020: STD_ERR: User exist
Thu Dec 10 13:25:54 2020: STD_ERR: User exist
Thu Dec 10 13:30:40 2020: STD_ERR: User exist
Thu Dec 10 13:31:03 2020: STD_ERR: User exist
Thu Dec 10 13:31:11 2020: STD_ERR: User exist
Thu Dec 10 13:31:39 2020: STD_ERR: User exist
Thu Dec 10 13:33:55 2020: STD_ERR: User exist
Thu Dec 10 13:34:22 2020: STD_ERR: User exist
Thu Dec 10 13:34:39 2020: STD_ERR: User exist
Thu Dec 10 13:35:11 2020: STD_ERR: User exist
Thu Dec 10 13:36:41 2020: STD_ERR: User exist
Thu Dec 10 13:37:15 2020: STD_ERR: User exist
Thu Dec 10 13:38:23 2020: STD_ERR: User exist
Thu Dec 10 13:39:21 2020: STD_ERR: User exist
Thu Dec 10 13:39:38 2020: STD_ERR: User exist
Thu Dec 10 13:40:04 2020: STD_ERR: User exist
Thu Dec 10 13:40:48 2020: STD_ERR: User exist
Thu Dec 10 13:41:22 2020: STD_ERR: User exist
Thu Dec 10 13:41:49 2020: STD_ERR: User exist
Thu Dec 10 13:42:32 2020: STD_ERR: User exist
Thu Dec 10 13:44:27 2020: STD_ERR: User exist
Thu Dec 10 13:45:30 2020: STD_ERR: User exist
Thu Dec 10 13:47:35 2020: STD_ERR: User exist
Thu Dec 10 13:49:09 2020: STD_ERR: User exist
Thu Dec 10 13:49:50 2020: STD_ERR: User exist
Thu Dec 10 13:50:29 2020: STD_ERR: User exist
Thu Dec 10 13:52:34 2020: STD_ERR: User exist
Thu Dec 10 13:55:09 2020: STD_ERR: User exist
Thu Dec 10 13:56:41 2020: STD_ERR: User exist
Thu Dec 10 13:58:52 2020: STD_ERR: User exist
Thu Dec 10 13:59:18 2020: STD_ERR: User exist
Thu Dec 10 14:00:32 2020: STD_ERR: User exist
Thu Dec 10 14:01:07 2020: STD_ERR: User exist
Thu Dec 10 14:01:47 2020: STD_ERR: User exist
Thu Dec 10 14:02:05 2020: STD_ERR: User exist
Thu Dec 10 14:02:21 2020: STD_ERR: User exist
Thu Dec 10 14:02:44 2020: STD_ERR: User exist
Thu Dec 10 14:03:25 2020: STD_ERR: User exist
Thu Dec 10 14:03:47 2020: STD_ERR: User exist
Thu Dec 10 14:04:00 2020: STD_ERR: User exist
Thu Dec 10 14:10:50 2020: STD_ERR: User exist
Thu Dec 10 14:16:07 2020: STD_ERR: User exist
Thu Dec 10 14:17:12 2020: STD_ERR: User exist
Thu Dec 10 14:18:33 2020: STD_ERR: User exist
Thu Dec 10 14:19:57 2020: STD_ERR: User exist
Thu Dec 10 14:20:39 2020: STD_ERR: User exist
Thu Dec 10 14:22:10 2020: STD_ERR: User exist
Thu Dec 10 22:40:11 2020: STD_ERR: User exist
Thu Dec 10 22:42:44 2020: STD_ERR: User exist
Thu Dec 10 22:46:34 2020: STD_ERR: User exist
Thu Dec 10 22:50:19 2020: STD_ERR: User exist
Thu Dec 10 22:55:33 2020: STD_ERR: User exist
Thu Dec 10 22:58:17 2020: STD_ERR: User exist
Thu Dec 10 22:59:24 2020: STD_ERR: User exist
Thu Dec 10 23:01:07 2020: STD_ERR: User exist
Thu Dec 10 23:15:39 2020: STD_ERR: User exist
Thu Dec 10 23:22:03 2020: STD_ERR: User exist
Thu Dec 10 23:23:33 2020: STD_ERR: User exist
Thu Dec 10 23:24:17 2020: STD_ERR: User exist
Thu Dec 10 23:25:07 2020: STD_ERR: User exist
Thu Dec 10 23:25:26 2020: STD_ERR: User exist
Thu Dec 10 23:27:35 2020: STD_ERR: User exist
Thu Dec 10 23:28:27 2020: STD_ERR: User exist
Thu Dec 10 23:30:57 2020: STD_ERR: User exist
Thu Dec 10 23:32:15 2020: STD_ERR: User exist
Thu Dec 10 23:41:21 2020: STD_ERR: User exist
Thu Dec 10 23:43:29 2020: STD_ERR: User exist
Thu Dec 10 23:43:56 2020: STD_ERR: User exist
Thu Dec 10 23:46:47 2020: STD_ERR: User exist
Thu Dec 10 23:47:34 2020: STD_ERR: User exist
Fri Dec 11 00:00:15 2020: STD_ERR: User exist
Fri Dec 11 00:01:10 2020: STD_ERR: User exist
Fri Dec 11 00:02:53 2020: STD_ERR: User exist
Fri Dec 11 00:07:30 2020: STD_ERR: User exist
Fri Dec 11 00:10:55 2020: STD_ERR: User exist
Fri Dec 11 00:12:31 2020: STD_ERR: User exist
Fri Dec 11 00:16:33 2020: STD_ERR: User exist
Fri Dec 11 00:18:41 2020: STD_ERR: User exist
Fri Dec 11 00:20:17 2020: STD_ERR: User exist
Fri Dec 11 00:26:59 2020: STD_ERR: User exist
Fri Dec 11 00:30:16 2020: STD_ERR: User exist
Fri Dec 11 00:31:14 2020: STD_ERR: User exist
Fri Dec 11 00:35:07 2020: STD_ERR: User exist
Fri Dec 11 13:05:59 2020: STD_ERR: User exist
Fri Dec 11 13:08:42 2020: STD_ERR: User exist
Fri Dec 11 13:17:00 2020: STD_ERR: User exist
Fri Dec 11 13:19:37 2020: STD_ERR: User exist
Fri Dec 11 13:21:01 2020: STD_ERR: User exist
Fri Dec 11 13:21:40 2020: STD_ERR: User exist
